<?xml version="1.0" encoding="UTF-8"?>

<simulation>
    <parameters>
        <delta_t>0.0005</delta_t>
        <t_end>50</t_end>
        <containerType>linked</containerType>
        <domainSize>
            <x>50</x>
            <y>50</y>
            <z>50</z>
        </domainSize>
        <cutoff>3</cutoff>
        <boundary>
            <xTop>reflecting</xTop>
            <xBottom>outflow</xBottom>
            <yLeft>periodic</yLeft>
            <yRight>periodic</yRight>
            <zFront>outflow</zFront>
            <zBehind>outflow</zBehind>
        </boundary>
        <grav>
            <x>0</x>
            <y>-15</y>
            <z>0</z>
        </grav>
    </parameters>
    <clusters>
        <cuboid>
        <!-- cuboid 1  -->
            <cornerCoordinates>
                <x>1</x>
                <y>2</y>
                <z>3</z>
            </cornerCoordinates>
            <dimensions>
                <x>10</x>
                <y>10</y>
                <z>10</z>
            </dimensions>
            <velocity>
                <x>3</x>
                <y>2</y>
                <z>1</z>
            </velocity>
            <meshWidth>1</meshWidth>
            <mass>1.0</mass>
            <averageVelocity>1.4</averageVelocity>
            <epsilon>1.0</epsilon>
            <sigma>1.2</sigma>
        </cuboid>
        <cuboid>
        <!--  cuboid 2   -->
            <cornerCoordinates>
                <x>20</x>
                <y>21</y>
                <z>22</z>
            </cornerCoordinates>
            <dimensions>
                <x>10</x>
                <y>10</y>
                <z>10</z>
            </dimensions>
            <velocity>
                <x>7.7</x>
                <y>6.6</y>
                <z>5.5</z>
            </velocity>
            <meshWidth>1</meshWidth>
            <mass>2.0</mass>
            <averageVelocity>0.726</averageVelocity>
            <epsilon>2.0</epsilon>
            <sigma>1.1</sigma>
        </cuboid>
    </clusters>
    <thermo>
        <init_T>40</init_T>
        <n>1000</n>
    </thermo>
</simulation>
